
        ==========     _____ _    _ ____  _____  ______          _____  
        =====         / ____| |  | |  _ \|  __ \|  ____|   /\   |  __ \ 
          =====      | (___ | |  | | |_) | |__) | |__     /  \  | |  | |
            ====      \___ \| |  | |  _ <|  _  /|  __|   / /\ \ | |  | |
              ====    ____) | |__| | |_) | | \ \| |____ / ____ \| |__| |
        ==========   |_____/ \____/|____/|_|  \_\______/_/    \_\_____/
	  v2.0.6

//========================== featureCounts setting ===========================\\
||                                                                            ||
||             Input files : 4 BAM files                                      ||
||                                                                            ||
||                           SRR11047173.sorted.bam                           ||
||                           SRR11047174.sorted.bam                           ||
||                           SRR11047175.sorted.bam                           ||
||                           SRR11047176.sorted.bam                           ||
||                                                                            ||
||             Output file : nfcore.featureCounts.txt                         ||
||                 Summary : nfcore.featureCounts.txt.summary                 ||
||              Paired-end : yes                                              ||
||        Count read pairs : no                                               ||
||              Annotation : annotation.gtf (GTF)                             ||
||      Dir for temp files : /work/nfcore_featurecounts                       ||
||                                                                            ||
||                 Threads : 4                                                ||
||                   Level : meta-feature level                               ||
||      Multimapping reads : not counted                                      ||
|| Multi-overlapping reads : not counted                                      ||
||   Min overlapping bases : 1                                                ||
||                                                                            ||
\\============================================================================//

//================================= Running ==================================\\
||                                                                            ||
|| Load annotation file annotation.gtf ...                                    ||
||    Features : 313952                                                       ||
||    Meta-features : 32833                                                   ||
||    Chromosomes/contigs : 7                                                 ||
||                                                                            ||
|| Process BAM file SRR11047173.sorted.bam...                                 ||
||    Paired-end reads are included.                                          ||
||    The reads are assigned on the single-end mode.                          ||
||    Total alignments : 42036290                                             ||
||    Successfully assigned alignments : 38750441 (92.2%)                     ||
||    Running time : 1.74 minutes                                             ||
||                                                                            ||
|| Process BAM file SRR11047174.sorted.bam...                                 ||
||    Paired-end reads are included.                                          ||
||    The reads are assigned on the single-end mode.                          ||
||    Total alignments : 45445392                                             ||
||    Successfully assigned alignments : 41925550 (92.3%)                     ||
||    Running time : 1.87 minutes                                             ||
||                                                                            ||
|| Process BAM file SRR11047175.sorted.bam...                                 ||
||    Paired-end reads are included.                                          ||
||    The reads are assigned on the single-end mode.                          ||
||    Total alignments : 47500992                                             ||
||    Successfully assigned alignments : 43868423 (92.4%)                     ||
||    Running time : 1.95 minutes                                             ||
||                                                                            ||
|| Process BAM file SRR11047176.sorted.bam...                                 ||
||    Paired-end reads are included.                                          ||
||    The reads are assigned on the single-end mode.                          ||
||    Total alignments : 45660536                                             ||
||    Successfully assigned alignments : 42206497 (92.4%)                     ||
||    Running time : 1.85 minutes                                             ||
||                                                                            ||
|| Write the final count table.                                               ||
|| Write the read assignment summary.                                         ||
||                                                                            ||
|| Summary of counting results can be found in file "/work/nfcore_featurecou  ||
|| nts/nfcore.featureCounts.txt.summary"                                      ||
||                                                                            ||
\\============================================================================//

